mode: set
_/Users/madsroskar/Code/golang/ideagenerator/src/main.go:19.31,21.2 1 1
_/Users/madsroskar/Code/golang/ideagenerator/src/main.go:23.60,26.29 3 0
_/Users/madsroskar/Code/golang/ideagenerator/src/main.go:30.2,30.20 1 0
_/Users/madsroskar/Code/golang/ideagenerator/src/main.go:26.29,29.3 2 0
_/Users/madsroskar/Code/golang/ideagenerator/src/main.go:33.54,40.32 5 0
_/Users/madsroskar/Code/golang/ideagenerator/src/main.go:44.2,46.16 2 0
_/Users/madsroskar/Code/golang/ideagenerator/src/main.go:51.2,52.29 2 0
_/Users/madsroskar/Code/golang/ideagenerator/src/main.go:56.2,56.20 1 0
_/Users/madsroskar/Code/golang/ideagenerator/src/main.go:40.32,42.3 1 0
_/Users/madsroskar/Code/golang/ideagenerator/src/main.go:46.16,49.3 2 0
_/Users/madsroskar/Code/golang/ideagenerator/src/main.go:52.29,55.3 2 0
_/Users/madsroskar/Code/golang/ideagenerator/src/main.go:59.13,65.16 4 0
_/Users/madsroskar/Code/golang/ideagenerator/src/main.go:69.2,73.49 5 0
_/Users/madsroskar/Code/golang/ideagenerator/src/main.go:65.16,67.3 1 0
_/Users/madsroskar/Code/golang/ideagenerator/src/page.go:14.44,15.23 1 1
_/Users/madsroskar/Code/golang/ideagenerator/src/page.go:16.12,17.69 1 1
_/Users/madsroskar/Code/golang/ideagenerator/src/page.go:18.10,19.16 1 1
_/Users/madsroskar/Code/golang/ideagenerator/src/page.go:23.49,26.2 2 0
_/Users/madsroskar/Code/golang/ideagenerator/src/page.go:28.49,30.16 2 0
_/Users/madsroskar/Code/golang/ideagenerator/src/page.go:30.16,32.3 1 0
_/Users/madsroskar/Code/golang/ideagenerator/src/idea.go:17.48,19.2 1 1
_/Users/madsroskar/Code/golang/ideagenerator/src/idea.go:21.53,23.2 1 1
_/Users/madsroskar/Code/golang/ideagenerator/src/idea.go:25.58,28.2 2 1
_/Users/madsroskar/Code/golang/ideagenerator/src/idea.go:30.31,32.2 1 1
_/Users/madsroskar/Code/golang/ideagenerator/src/idea.go:34.53,41.2 4 1
_/Users/madsroskar/Code/golang/ideagenerator/src/idea.go:43.57,44.27 1 1
_/Users/madsroskar/Code/golang/ideagenerator/src/idea.go:47.2,47.18 1 1
_/Users/madsroskar/Code/golang/ideagenerator/src/idea.go:44.27,46.3 1 0
_/Users/madsroskar/Code/golang/ideagenerator/src/idea.go:50.86,56.32 4 1
_/Users/madsroskar/Code/golang/ideagenerator/src/idea.go:60.2,60.60 1 1
_/Users/madsroskar/Code/golang/ideagenerator/src/idea.go:56.32,58.3 1 0
_/Users/madsroskar/Code/golang/ideagenerator/src/idea.go:63.39,65.16 2 1
_/Users/madsroskar/Code/golang/ideagenerator/src/idea.go:68.2,68.16 1 1
_/Users/madsroskar/Code/golang/ideagenerator/src/idea.go:65.16,67.3 1 0
_/Users/madsroskar/Code/golang/ideagenerator/src/idea.go:71.72,73.2 1 1
